<?xml version="1.0" encoding="UTF-8"?>
<!-- Generated by org.testng.reporters.JUnitXMLReporter -->
<testsuite ignored="0" hostname="Admin" failures="0" tests="6" name="Default test" time="13.133" errors="0" timestamp="03 Sep 2022 15:59:02 GMT">
  <testcase classname="com.nopcommerce.user.Level_03_Page_Object" name="Register_01_Empty_Data" time="1.751"/>
  <testcase classname="com.nopcommerce.user.Level_03_Page_Object" name="Register_02_Invalid_Email" time="1.149"/>
  <testcase classname="com.nopcommerce.user.Level_03_Page_Object" name="Register_03_Success" time="2.226"/>
  <testcase classname="com.nopcommerce.user.Level_03_Page_Object" name="Register_04_Existing_Email" time="1.184"/>
  <testcase classname="com.nopcommerce.user.Level_03_Page_Object" name="Register_05_Password_Less_Than_6_Chars" time="1.126"/>
  <testcase classname="com.nopcommerce.user.Level_03_Page_Object" name="Register_06_Invalid_Confirm_Password" time="1.61"/>
</testsuite> <!-- Default test -->
