<?xml version="1.0" encoding="UTF-8"?>
<!-- Generated by org.testng.reporters.JUnitXMLReporter -->
<testsuite ignored="0" hostname="Admin" failures="0" tests="6" name="Run on Firefox" time="13.065" errors="0" timestamp="09 Sep 2022 05:50:38 GMT">
  <testcase classname="com.nopcommerce.user.Level_03_Page_Object_Login" name="Login_01_Empty_Data" time="0.796"/>
  <testcase classname="com.nopcommerce.user.Level_03_Page_Object_Login" name="Login_02_Invalid_Email" time="0.773"/>
  <testcase classname="com.nopcommerce.user.Level_03_Page_Object_Login" name="Login_03_Email_Not_Exist" time="0.915"/>
  <testcase classname="com.nopcommerce.user.Level_03_Page_Object_Login" name="Login_04_Existing_Email_Empty_Password" time="0.969"/>
  <testcase classname="com.nopcommerce.user.Level_03_Page_Object_Login" name="Login_05_Existing_Email_Incorrect_Password" time="0.916"/>
  <testcase classname="com.nopcommerce.user.Level_03_Page_Object_Login" name="Login_06_Valid_Email_Valid_Password" time="1.243"/>
</testsuite> <!-- Run on Firefox -->
