<?xml version="1.0" encoding="UTF-8"?>
<!-- Generated by org.testng.reporters.JUnitXMLReporter -->
<testsuite ignored="0" hostname="Admin" failures="0" tests="3" name="Run on Firefox" time="15.261" errors="0" timestamp="27 Sep 2022 16:49:08 GMT">
  <testcase classname="com.nopcommerce.user.Level_09_Dynamic_Locator" name="User_01_Register_Login" time="4.716"/>
  <testcase classname="com.nopcommerce.user.Level_09_Dynamic_Locator" name="User_02_Dynamic_Page" time="3.526"/>
  <testcase classname="com.nopcommerce.user.Level_09_Dynamic_Locator" name="User_03_Dynamic_Page_01" time="1.844"/>
</testsuite> <!-- Run on Firefox -->
