<?xml version="1.0" encoding="UTF-8"?>
<testng-results ignored="0" total="1" passed="1" failed="0" skipped="0">
  <reporter-output>
  </reporter-output>
  <suite started-at="2022-10-23T13:44:07Z" name="NopCommerce" finished-at="2022-10-23T13:44:11Z" duration-ms="3783">
    <groups>
    </groups>
    <test started-at="2022-10-23T13:44:07Z" name="Run on Chrome" finished-at="2022-10-23T13:44:11Z" duration-ms="3783">
      <class name="com.jquery.datatable.Level_10_DataTable_DataGrid">
        <test-method is-config="true" signature="beforeClass(java.lang.String, java.lang.String)[pri:0, instance:com.jquery.datatable.Level_10_DataTable_DataGrid@23348b5d]" started-at="2022-10-23T13:44:07Z" name="beforeClass" finished-at="2022-10-23T13:44:10Z" duration-ms="3193" status="PASS">
          <params>
            <param index="0">
              <value>
                <![CDATA[chrome]]>
              </value>
            </param>
            <param index="1">
              <value>
                <![CDATA[https://www.jqueryscript.net/demo/CRUD-Data-Grid-Plugin-jQuery-Quickgrid/]]>
              </value>
            </param>
          </params>
          <reporter-output>
          </reporter-output>
        </test-method> <!-- beforeClass -->
        <test-method signature="Table_01()[pri:0, instance:com.jquery.datatable.Level_10_DataTable_DataGrid@23348b5d]" started-at="2022-10-23T13:44:10Z" name="Table_01" finished-at="2022-10-23T13:44:10Z" duration-ms="3" status="PASS">
          <reporter-output>
          </reporter-output>
        </test-method> <!-- Table_01 -->
        <test-method is-config="true" signature="afterClass()[pri:0, instance:com.jquery.datatable.Level_10_DataTable_DataGrid@23348b5d]" started-at="2022-10-23T13:44:10Z" name="afterClass" finished-at="2022-10-23T13:44:11Z" duration-ms="580" status="PASS">
          <reporter-output>
          </reporter-output>
        </test-method> <!-- afterClass -->
      </class> <!-- com.jquery.datatable.Level_10_DataTable_DataGrid -->
    </test> <!-- Run on Chrome -->
  </suite> <!-- NopCommerce -->
</testng-results>
